09-Feb-2020 01:17:05.448 警告 [main] org.apache.catalina.startup.ClassLoaderFactory.validateFile Problem with directory [D:\ideaWP\tomcat\catalina-home\lib], exists: [false], isDirectory: [false], canRead: [false]
09-Feb-2020 01:17:05.470 警告 [main] org.apache.catalina.startup.ClassLoaderFactory.validateFile Problem with directory [D:\ideaWP\tomcat\catalina-home\lib], exists: [false], isDirectory: [false], canRead: [false]
09-Feb-2020 01:17:05.470 警告 [main] org.apache.catalina.startup.ClassLoaderFactory.validateFile Problem with directory [D:\ideaWP\tomcat\catalina-home\lib], exists: [false], isDirectory: [false], canRead: [false]
09-Feb-2020 01:17:05.470 警告 [main] org.apache.catalina.startup.ClassLoaderFactory.validateFile Problem with directory [D:\ideaWP\tomcat\catalina-home\lib], exists: [false], isDirectory: [false], canRead: [false]
09-Feb-2020 01:17:08.346 信息 [main] org.apache.catalina.startup.VersionLoggerListener.log Server version:        Apache Tomcat/@VERSION@
09-Feb-2020 01:17:08.347 信息 [main] org.apache.catalina.startup.VersionLoggerListener.log Server built:          @VERSION_BUILT@
09-Feb-2020 01:17:08.347 信息 [main] org.apache.catalina.startup.VersionLoggerListener.log Server number:         @VERSION_NUMBER@
09-Feb-2020 01:17:08.347 信息 [main] org.apache.catalina.startup.VersionLoggerListener.log OS Name:               Windows 10
09-Feb-2020 01:17:08.347 信息 [main] org.apache.catalina.startup.VersionLoggerListener.log OS Version:            10.0
09-Feb-2020 01:17:08.347 信息 [main] org.apache.catalina.startup.VersionLoggerListener.log Architecture:          amd64
09-Feb-2020 01:17:08.347 信息 [main] org.apache.catalina.startup.VersionLoggerListener.log Java Home:             C:\Program Files\Java\jdk1.8.0_211\jre
09-Feb-2020 01:17:08.347 信息 [main] org.apache.catalina.startup.VersionLoggerListener.log JVM Version:           1.8.0_211-b12
09-Feb-2020 01:17:08.348 信息 [main] org.apache.catalina.startup.VersionLoggerListener.log JVM Vendor:            Oracle Corporation
09-Feb-2020 01:17:08.348 信息 [main] org.apache.catalina.startup.VersionLoggerListener.log CATALINA_BASE:         D:\ideaWP\tomcat\catalina-home
09-Feb-2020 01:17:08.348 信息 [main] org.apache.catalina.startup.VersionLoggerListener.log CATALINA_HOME:         D:\ideaWP\tomcat\catalina-home
09-Feb-2020 01:17:08.348 信息 [main] org.apache.catalina.startup.VersionLoggerListener.log Command line argument: -agentlib:jdwp=transport=dt_socket,address=127.0.0.1:57129,suspend=y,server=n
09-Feb-2020 01:17:08.348 信息 [main] org.apache.catalina.startup.VersionLoggerListener.log Command line argument: -Dcatalina.home=catalina-home
09-Feb-2020 01:17:08.348 信息 [main] org.apache.catalina.startup.VersionLoggerListener.log Command line argument: -Dcatalina.base=catalina-home
09-Feb-2020 01:17:08.349 信息 [main] org.apache.catalina.startup.VersionLoggerListener.log Command line argument: -Djava.endorsed.dirs=catalina-home/endorsed
09-Feb-2020 01:17:08.349 信息 [main] org.apache.catalina.startup.VersionLoggerListener.log Command line argument: -Djava.io.tmpdir=catalina-home/temp
09-Feb-2020 01:17:08.349 信息 [main] org.apache.catalina.startup.VersionLoggerListener.log Command line argument: -Djava.util.logging.manager=org.apache.juli.ClassLoaderLogManager
09-Feb-2020 01:17:08.349 信息 [main] org.apache.catalina.startup.VersionLoggerListener.log Command line argument: -Djava.util.logging.config.file=catalina-home/conf/logging.properties
09-Feb-2020 01:17:08.349 信息 [main] org.apache.catalina.startup.VersionLoggerListener.log Command line argument: -javaagent:D:\ideas\lib\rt\debugger-agent.jar
09-Feb-2020 01:17:08.349 信息 [main] org.apache.catalina.startup.VersionLoggerListener.log Command line argument: -Dfile.encoding=UTF-8
09-Feb-2020 01:17:08.350 信息 [main] org.apache.catalina.core.AprLifecycleListener.lifecycleEvent The APR based Apache Tomcat Native library which allows optimal performance in production environments was not found on the java.library.path: [C:\Program Files\Java\jdk1.8.0_211\bin;C:\WINDOWS\Sun\Java\bin;C:\WINDOWS\system32;C:\WINDOWS;%JAVA_HOME\bin%;%JAVA_HOME\jre%;C:\WINDOWS\system32;C:\WINDOWS;C:\WINDOWS\System32\Wbem;C:\WINDOWS\System32\WindowsPowerShell\v1.0\;C:\Program Files\Intel\WiFi\bin\;C:\Program Files\Common Files\Intel\WirelessCommon\;C:\WINDOWS\System32\OpenSSH\;D:\maven\apache-maven-3.5.0\bin\;%ERLANG_HOME%\bin;C:\mysql-5.7.25-winx64\bin;C:\ProgramData\Oracle\Java\javapath;C:\Program Files (x86)\Common Files\Oracle\Java\javapath;D:\gradle\gradle-4.10.2\bin;;C:\Program Files\IDM Computer Solutions\UltraEdit;C:\Users\chengjiaqing\AppData\Local\Microsoft\WindowsApps;;C:\Users\chengjiaqing\AppData\Local\Programs\Fiddler;.]
09-Feb-2020 01:17:09.076 信息 [main] org.apache.coyote.AbstractProtocol.init Initializing ProtocolHandler ["http-nio-8080"]
09-Feb-2020 01:17:09.700 信息 [main] org.apache.tomcat.util.net.NioSelectorPool.getSharedSelector Using a shared selector for servlet write/read
09-Feb-2020 01:17:09.758 信息 [main] org.apache.coyote.AbstractProtocol.init Initializing ProtocolHandler ["ajp-nio-8009"]
09-Feb-2020 01:17:09.761 信息 [main] org.apache.tomcat.util.net.NioSelectorPool.getSharedSelector Using a shared selector for servlet write/read
09-Feb-2020 01:17:09.762 信息 [main] org.apache.catalina.startup.Catalina.load Initialization processed in 4080 ms
09-Feb-2020 01:17:10.061 信息 [main] org.apache.catalina.core.StandardService.startInternal Starting service [Catalina]
09-Feb-2020 01:17:10.062 信息 [main] org.apache.catalina.core.StandardEngine.startInternal Starting Servlet Engine: Apache Tomcat/@VERSION@
09-Feb-2020 01:17:16.408 信息 [localhost-startStop-1] org.apache.catalina.startup.HostConfig.deployDirectory Deploying web application directory [D:\ideaWP\tomcat\catalina-home\webapps\docs]
09-Feb-2020 23:51:09.626 警告 [main] org.apache.catalina.startup.ClassLoaderFactory.validateFile Problem with directory [D:\ideaWP\tomcat\catalina-home\lib], exists: [false], isDirectory: [false], canRead: [false]
09-Feb-2020 23:51:09.634 警告 [main] org.apache.catalina.startup.ClassLoaderFactory.validateFile Problem with directory [D:\ideaWP\tomcat\catalina-home\lib], exists: [false], isDirectory: [false], canRead: [false]
09-Feb-2020 23:51:09.634 警告 [main] org.apache.catalina.startup.ClassLoaderFactory.validateFile Problem with directory [D:\ideaWP\tomcat\catalina-home\lib], exists: [false], isDirectory: [false], canRead: [false]
09-Feb-2020 23:51:09.635 警告 [main] org.apache.catalina.startup.ClassLoaderFactory.validateFile Problem with directory [D:\ideaWP\tomcat\catalina-home\lib], exists: [false], isDirectory: [false], canRead: [false]
09-Feb-2020 23:51:10.772 信息 [main] org.apache.catalina.startup.VersionLoggerListener.log Server version:        Apache Tomcat/@VERSION@
09-Feb-2020 23:51:10.772 信息 [main] org.apache.catalina.startup.VersionLoggerListener.log Server built:          @VERSION_BUILT@
09-Feb-2020 23:51:10.772 信息 [main] org.apache.catalina.startup.VersionLoggerListener.log Server number:         @VERSION_NUMBER@
09-Feb-2020 23:51:10.772 信息 [main] org.apache.catalina.startup.VersionLoggerListener.log OS Name:               Windows 10
09-Feb-2020 23:51:10.772 信息 [main] org.apache.catalina.startup.VersionLoggerListener.log OS Version:            10.0
09-Feb-2020 23:51:10.773 信息 [main] org.apache.catalina.startup.VersionLoggerListener.log Architecture:          amd64
09-Feb-2020 23:51:10.773 信息 [main] org.apache.catalina.startup.VersionLoggerListener.log Java Home:             C:\Program Files\Java\jdk1.8.0_211\jre
09-Feb-2020 23:51:10.773 信息 [main] org.apache.catalina.startup.VersionLoggerListener.log JVM Version:           1.8.0_211-b12
09-Feb-2020 23:51:10.773 信息 [main] org.apache.catalina.startup.VersionLoggerListener.log JVM Vendor:            Oracle Corporation
09-Feb-2020 23:51:10.773 信息 [main] org.apache.catalina.startup.VersionLoggerListener.log CATALINA_BASE:         D:\ideaWP\tomcat\catalina-home
09-Feb-2020 23:51:10.773 信息 [main] org.apache.catalina.startup.VersionLoggerListener.log CATALINA_HOME:         D:\ideaWP\tomcat\catalina-home
09-Feb-2020 23:51:10.774 信息 [main] org.apache.catalina.startup.VersionLoggerListener.log Command line argument: -Dcatalina.home=catalina-home
09-Feb-2020 23:51:10.776 信息 [main] org.apache.catalina.startup.VersionLoggerListener.log Command line argument: -Dcatalina.base=catalina-home
09-Feb-2020 23:51:10.777 信息 [main] org.apache.catalina.startup.VersionLoggerListener.log Command line argument: -Djava.endorsed.dirs=catalina-home/endorsed
09-Feb-2020 23:51:10.778 信息 [main] org.apache.catalina.startup.VersionLoggerListener.log Command line argument: -Djava.io.tmpdir=catalina-home/temp
09-Feb-2020 23:51:10.778 信息 [main] org.apache.catalina.startup.VersionLoggerListener.log Command line argument: -Djava.util.logging.manager=org.apache.juli.ClassLoaderLogManager
09-Feb-2020 23:51:10.779 信息 [main] org.apache.catalina.startup.VersionLoggerListener.log Command line argument: -Djava.util.logging.config.file=catalina-home/conf/logging.properties
09-Feb-2020 23:51:10.779 信息 [main] org.apache.catalina.startup.VersionLoggerListener.log Command line argument: -javaagent:D:\ideas\lib\idea_rt.jar=54480:D:\ideas\bin
09-Feb-2020 23:51:10.780 信息 [main] org.apache.catalina.startup.VersionLoggerListener.log Command line argument: -Dfile.encoding=UTF-8
09-Feb-2020 23:51:10.781 信息 [main] org.apache.catalina.core.AprLifecycleListener.lifecycleEvent The APR based Apache Tomcat Native library which allows optimal performance in production environments was not found on the java.library.path: [C:\Program Files\Java\jdk1.8.0_211\bin;C:\WINDOWS\Sun\Java\bin;C:\WINDOWS\system32;C:\WINDOWS;%JAVA_HOME\bin%;%JAVA_HOME\jre%;C:\WINDOWS\system32;C:\WINDOWS;C:\WINDOWS\System32\Wbem;C:\WINDOWS\System32\WindowsPowerShell\v1.0\;C:\Program Files\Intel\WiFi\bin\;C:\Program Files\Common Files\Intel\WirelessCommon\;C:\WINDOWS\System32\OpenSSH\;D:\maven\apache-maven-3.5.0\bin\;%ERLANG_HOME%\bin;C:\mysql-5.7.25-winx64\bin;C:\ProgramData\Oracle\Java\javapath;C:\Program Files (x86)\Common Files\Oracle\Java\javapath;D:\gradle\gradle-4.10.2\bin;;C:\Program Files\IDM Computer Solutions\UltraEdit;C:\Users\chengjiaqing\AppData\Local\Microsoft\WindowsApps;;C:\Users\chengjiaqing\AppData\Local\Programs\Fiddler;.]
09-Feb-2020 23:51:11.129 信息 [main] org.apache.coyote.AbstractProtocol.init Initializing ProtocolHandler ["http-nio-8080"]
09-Feb-2020 23:51:11.669 信息 [main] org.apache.tomcat.util.net.NioSelectorPool.getSharedSelector Using a shared selector for servlet write/read
09-Feb-2020 23:51:11.707 信息 [main] org.apache.coyote.AbstractProtocol.init Initializing ProtocolHandler ["ajp-nio-8009"]
09-Feb-2020 23:51:11.710 信息 [main] org.apache.tomcat.util.net.NioSelectorPool.getSharedSelector Using a shared selector for servlet write/read
09-Feb-2020 23:51:11.713 信息 [main] org.apache.catalina.startup.Catalina.load Initialization processed in 2045 ms
09-Feb-2020 23:51:11.807 信息 [main] org.apache.catalina.core.StandardService.startInternal Starting service [Catalina]
09-Feb-2020 23:51:11.807 信息 [main] org.apache.catalina.core.StandardEngine.startInternal Starting Servlet Engine: Apache Tomcat/@VERSION@
09-Feb-2020 23:51:11.920 信息 [localhost-startStop-1] org.apache.catalina.startup.HostConfig.deployDirectory Deploying web application directory [D:\ideaWP\tomcat\catalina-home\webapps\docs]
09-Feb-2020 23:51:13.075 信息 [localhost-startStop-1] org.apache.jasper.servlet.TldScanner.scanJars At least one JAR was scanned for TLDs yet contained no TLDs. Enable debug logging for this logger for a complete list of JARs that were scanned but no TLDs were found in them. Skipping unneeded JARs during scanning can improve startup time and JSP compilation time.
09-Feb-2020 23:51:13.143 信息 [localhost-startStop-1] org.apache.catalina.startup.HostConfig.deployDirectory Deployment of web application directory [D:\ideaWP\tomcat\catalina-home\webapps\docs] has finished in [1,222] ms
09-Feb-2020 23:51:13.144 信息 [localhost-startStop-1] org.apache.catalina.startup.HostConfig.deployDirectory Deploying web application directory [D:\ideaWP\tomcat\catalina-home\webapps\examples]
09-Feb-2020 23:51:13.467 信息 [localhost-startStop-1] org.apache.jasper.servlet.TldScanner.scanJars At least one JAR was scanned for TLDs yet contained no TLDs. Enable debug logging for this logger for a complete list of JARs that were scanned but no TLDs were found in them. Skipping unneeded JARs during scanning can improve startup time and JSP compilation time.
09-Feb-2020 23:51:13.507 信息 [localhost-startStop-1] org.apache.catalina.startup.HostConfig.deployDirectory Deployment of web application directory [D:\ideaWP\tomcat\catalina-home\webapps\examples] has finished in [363] ms
09-Feb-2020 23:51:13.507 信息 [localhost-startStop-1] org.apache.catalina.startup.HostConfig.deployDirectory Deploying web application directory [D:\ideaWP\tomcat\catalina-home\webapps\host-manager]
09-Feb-2020 23:51:13.654 信息 [localhost-startStop-1] org.apache.jasper.servlet.TldScanner.scanJars At least one JAR was scanned for TLDs yet contained no TLDs. Enable debug logging for this logger for a complete list of JARs that were scanned but no TLDs were found in them. Skipping unneeded JARs during scanning can improve startup time and JSP compilation time.
09-Feb-2020 23:51:13.663 信息 [localhost-startStop-1] org.apache.catalina.startup.HostConfig.deployDirectory Deployment of web application directory [D:\ideaWP\tomcat\catalina-home\webapps\host-manager] has finished in [156] ms
09-Feb-2020 23:51:13.663 信息 [localhost-startStop-1] org.apache.catalina.startup.HostConfig.deployDirectory Deploying web application directory [D:\ideaWP\tomcat\catalina-home\webapps\manager]
09-Feb-2020 23:51:13.918 信息 [localhost-startStop-1] org.apache.jasper.servlet.TldScanner.scanJars At least one JAR was scanned for TLDs yet contained no TLDs. Enable debug logging for this logger for a complete list of JARs that were scanned but no TLDs were found in them. Skipping unneeded JARs during scanning can improve startup time and JSP compilation time.
09-Feb-2020 23:51:13.922 信息 [localhost-startStop-1] org.apache.catalina.startup.HostConfig.deployDirectory Deployment of web application directory [D:\ideaWP\tomcat\catalina-home\webapps\manager] has finished in [259] ms
09-Feb-2020 23:51:13.922 信息 [localhost-startStop-1] org.apache.catalina.startup.HostConfig.deployDirectory Deploying web application directory [D:\ideaWP\tomcat\catalina-home\webapps\ROOT]
09-Feb-2020 23:51:14.079 信息 [localhost-startStop-1] org.apache.jasper.servlet.TldScanner.scanJars At least one JAR was scanned for TLDs yet contained no TLDs. Enable debug logging for this logger for a complete list of JARs that were scanned but no TLDs were found in them. Skipping unneeded JARs during scanning can improve startup time and JSP compilation time.
09-Feb-2020 23:51:14.082 信息 [localhost-startStop-1] org.apache.catalina.startup.HostConfig.deployDirectory Deployment of web application directory [D:\ideaWP\tomcat\catalina-home\webapps\ROOT] has finished in [159] ms
09-Feb-2020 23:51:14.088 信息 [main] org.apache.coyote.AbstractProtocol.start Starting ProtocolHandler ["http-nio-8080"]
09-Feb-2020 23:51:14.104 信息 [main] org.apache.coyote.AbstractProtocol.start Starting ProtocolHandler ["ajp-nio-8009"]
09-Feb-2020 23:51:14.108 信息 [main] org.apache.catalina.startup.Catalina.start Server startup in 2394 ms
