08-Feb-2020 16:12:56.381 警告 [main] org.apache.catalina.startup.ClassLoaderFactory.validateFile Problem with directory [D:\ideaWP\tomcat\catalina-home\lib], exists: [false], isDirectory: [false], canRead: [false]
08-Feb-2020 16:12:56.389 警告 [main] org.apache.catalina.startup.ClassLoaderFactory.validateFile Problem with directory [D:\ideaWP\tomcat\catalina-home\lib], exists: [false], isDirectory: [false], canRead: [false]
08-Feb-2020 16:12:56.389 警告 [main] org.apache.catalina.startup.ClassLoaderFactory.validateFile Problem with directory [D:\ideaWP\tomcat\catalina-home\lib], exists: [false], isDirectory: [false], canRead: [false]
08-Feb-2020 16:12:56.390 警告 [main] org.apache.catalina.startup.ClassLoaderFactory.validateFile Problem with directory [D:\ideaWP\tomcat\catalina-home\lib], exists: [false], isDirectory: [false], canRead: [false]
08-Feb-2020 16:13:19.828 信息 [main] org.apache.catalina.startup.VersionLoggerListener.log Server version:        Apache Tomcat/@VERSION@
08-Feb-2020 16:13:19.828 信息 [main] org.apache.catalina.startup.VersionLoggerListener.log Server built:          @VERSION_BUILT@
08-Feb-2020 16:13:19.828 信息 [main] org.apache.catalina.startup.VersionLoggerListener.log Server number:         @VERSION_NUMBER@
08-Feb-2020 16:13:19.828 信息 [main] org.apache.catalina.startup.VersionLoggerListener.log OS Name:               Windows 10
08-Feb-2020 16:13:19.829 信息 [main] org.apache.catalina.startup.VersionLoggerListener.log OS Version:            10.0
08-Feb-2020 16:13:19.829 信息 [main] org.apache.catalina.startup.VersionLoggerListener.log Architecture:          amd64
08-Feb-2020 16:13:19.829 信息 [main] org.apache.catalina.startup.VersionLoggerListener.log Java Home:             C:\Program Files\Java\jdk1.8.0_211\jre
08-Feb-2020 16:13:19.829 信息 [main] org.apache.catalina.startup.VersionLoggerListener.log JVM Version:           1.8.0_211-b12
08-Feb-2020 16:13:19.830 信息 [main] org.apache.catalina.startup.VersionLoggerListener.log JVM Vendor:            Oracle Corporation
08-Feb-2020 16:13:19.830 信息 [main] org.apache.catalina.startup.VersionLoggerListener.log CATALINA_BASE:         D:\ideaWP\tomcat\catalina-home
08-Feb-2020 16:13:19.830 信息 [main] org.apache.catalina.startup.VersionLoggerListener.log CATALINA_HOME:         D:\ideaWP\tomcat\catalina-home
08-Feb-2020 16:13:19.831 信息 [main] org.apache.catalina.startup.VersionLoggerListener.log Command line argument: -agentlib:jdwp=transport=dt_socket,address=127.0.0.1:64822,suspend=y,server=n
08-Feb-2020 16:13:19.831 信息 [main] org.apache.catalina.startup.VersionLoggerListener.log Command line argument: -Dcatalina.home=catalina-home
08-Feb-2020 16:13:19.831 信息 [main] org.apache.catalina.startup.VersionLoggerListener.log Command line argument: -Dcatalina.base=catalina-home
08-Feb-2020 16:13:19.831 信息 [main] org.apache.catalina.startup.VersionLoggerListener.log Command line argument: -Djava.endorsed.dirs=catalina-home/endorsed
08-Feb-2020 16:13:19.831 信息 [main] org.apache.catalina.startup.VersionLoggerListener.log Command line argument: -Djava.io.tmpdir=catalina-home/temp
08-Feb-2020 16:13:19.831 信息 [main] org.apache.catalina.startup.VersionLoggerListener.log Command line argument: -Djava.util.logging.manager=org.apache.juli.ClassLoaderLogManager
08-Feb-2020 16:13:19.832 信息 [main] org.apache.catalina.startup.VersionLoggerListener.log Command line argument: -Djava.util.logging.config.file=catalina-home/conf/logging.properties
08-Feb-2020 16:13:19.832 信息 [main] org.apache.catalina.startup.VersionLoggerListener.log Command line argument: -javaagent:D:\ideas\lib\rt\debugger-agent.jar
08-Feb-2020 16:13:19.832 信息 [main] org.apache.catalina.startup.VersionLoggerListener.log Command line argument: -Dfile.encoding=UTF-8
08-Feb-2020 16:13:25.229 信息 [main] org.apache.catalina.core.AprLifecycleListener.lifecycleEvent The APR based Apache Tomcat Native library which allows optimal performance in production environments was not found on the java.library.path: [C:\Program Files\Java\jdk1.8.0_211\bin;C:\WINDOWS\Sun\Java\bin;C:\WINDOWS\system32;C:\WINDOWS;%JAVA_HOME\bin%;%JAVA_HOME\jre%;C:\WINDOWS\system32;C:\WINDOWS;C:\WINDOWS\System32\Wbem;C:\WINDOWS\System32\WindowsPowerShell\v1.0\;C:\Program Files\Intel\WiFi\bin\;C:\Program Files\Common Files\Intel\WirelessCommon\;C:\WINDOWS\System32\OpenSSH\;D:\maven\apache-maven-3.5.0\bin\;%ERLANG_HOME%\bin;C:\mysql-5.7.25-winx64\bin;C:\ProgramData\Oracle\Java\javapath;C:\Program Files (x86)\Common Files\Oracle\Java\javapath;D:\gradle\gradle-4.10.2\bin;;C:\Program Files\IDM Computer Solutions\UltraEdit;C:\Users\chengjiaqing\AppData\Local\Microsoft\WindowsApps;;C:\Users\chengjiaqing\AppData\Local\Programs\Fiddler;.]
08-Feb-2020 16:13:48.161 信息 [main] org.apache.coyote.AbstractProtocol.init Initializing ProtocolHandler ["http-nio-8080"]
08-Feb-2020 16:13:48.633 信息 [main] org.apache.tomcat.util.net.NioSelectorPool.getSharedSelector Using a shared selector for servlet write/read
08-Feb-2020 16:13:48.656 信息 [main] org.apache.coyote.AbstractProtocol.init Initializing ProtocolHandler ["ajp-nio-8009"]
08-Feb-2020 16:13:48.661 信息 [main] org.apache.tomcat.util.net.NioSelectorPool.getSharedSelector Using a shared selector for servlet write/read
08-Feb-2020 16:44:09.048 信息 [main] org.apache.catalina.startup.Catalina.load Initialization processed in 1863710 ms
08-Feb-2020 16:44:09.126 信息 [main] org.apache.catalina.core.StandardService.startInternal Starting service [Catalina]
08-Feb-2020 16:44:09.126 信息 [main] org.apache.catalina.core.StandardEngine.startInternal Starting Servlet Engine: Apache Tomcat/@VERSION@
08-Feb-2020 16:44:09.185 信息 [localhost-startStop-1] org.apache.catalina.startup.HostConfig.deployDirectory Deploying web application directory [D:\ideaWP\tomcat\catalina-home\webapps\docs]
08-Feb-2020 16:44:16.244 警告 [main] org.apache.catalina.startup.ClassLoaderFactory.validateFile Problem with directory [D:\ideaWP\tomcat\catalina-home\lib], exists: [false], isDirectory: [false], canRead: [false]
08-Feb-2020 16:44:16.261 警告 [main] org.apache.catalina.startup.ClassLoaderFactory.validateFile Problem with directory [D:\ideaWP\tomcat\catalina-home\lib], exists: [false], isDirectory: [false], canRead: [false]
08-Feb-2020 16:44:16.262 警告 [main] org.apache.catalina.startup.ClassLoaderFactory.validateFile Problem with directory [D:\ideaWP\tomcat\catalina-home\lib], exists: [false], isDirectory: [false], canRead: [false]
08-Feb-2020 16:44:16.263 警告 [main] org.apache.catalina.startup.ClassLoaderFactory.validateFile Problem with directory [D:\ideaWP\tomcat\catalina-home\lib], exists: [false], isDirectory: [false], canRead: [false]
08-Feb-2020 16:44:24.941 信息 [main] org.apache.catalina.startup.VersionLoggerListener.log Server version:        Apache Tomcat/@VERSION@
08-Feb-2020 16:44:24.942 信息 [main] org.apache.catalina.startup.VersionLoggerListener.log Server built:          @VERSION_BUILT@
08-Feb-2020 16:44:24.942 信息 [main] org.apache.catalina.startup.VersionLoggerListener.log Server number:         @VERSION_NUMBER@
08-Feb-2020 16:44:24.942 信息 [main] org.apache.catalina.startup.VersionLoggerListener.log OS Name:               Windows 10
08-Feb-2020 16:44:24.942 信息 [main] org.apache.catalina.startup.VersionLoggerListener.log OS Version:            10.0
08-Feb-2020 16:44:24.942 信息 [main] org.apache.catalina.startup.VersionLoggerListener.log Architecture:          amd64
08-Feb-2020 16:44:24.942 信息 [main] org.apache.catalina.startup.VersionLoggerListener.log Java Home:             C:\Program Files\Java\jdk1.8.0_211\jre
08-Feb-2020 16:44:24.943 信息 [main] org.apache.catalina.startup.VersionLoggerListener.log JVM Version:           1.8.0_211-b12
08-Feb-2020 16:44:24.943 信息 [main] org.apache.catalina.startup.VersionLoggerListener.log JVM Vendor:            Oracle Corporation
08-Feb-2020 16:44:24.943 信息 [main] org.apache.catalina.startup.VersionLoggerListener.log CATALINA_BASE:         D:\ideaWP\tomcat\catalina-home
08-Feb-2020 16:44:24.943 信息 [main] org.apache.catalina.startup.VersionLoggerListener.log CATALINA_HOME:         D:\ideaWP\tomcat\catalina-home
08-Feb-2020 16:44:24.943 信息 [main] org.apache.catalina.startup.VersionLoggerListener.log Command line argument: -agentlib:jdwp=transport=dt_socket,address=127.0.0.1:64963,suspend=y,server=n
08-Feb-2020 16:44:24.943 信息 [main] org.apache.catalina.startup.VersionLoggerListener.log Command line argument: -Dcatalina.home=catalina-home
08-Feb-2020 16:44:24.943 信息 [main] org.apache.catalina.startup.VersionLoggerListener.log Command line argument: -Dcatalina.base=catalina-home
08-Feb-2020 16:44:24.944 信息 [main] org.apache.catalina.startup.VersionLoggerListener.log Command line argument: -Djava.endorsed.dirs=catalina-home/endorsed
08-Feb-2020 16:44:24.944 信息 [main] org.apache.catalina.startup.VersionLoggerListener.log Command line argument: -Djava.io.tmpdir=catalina-home/temp
08-Feb-2020 16:44:24.944 信息 [main] org.apache.catalina.startup.VersionLoggerListener.log Command line argument: -Djava.util.logging.manager=org.apache.juli.ClassLoaderLogManager
08-Feb-2020 16:44:24.944 信息 [main] org.apache.catalina.startup.VersionLoggerListener.log Command line argument: -Djava.util.logging.config.file=catalina-home/conf/logging.properties
08-Feb-2020 16:44:24.944 信息 [main] org.apache.catalina.startup.VersionLoggerListener.log Command line argument: -javaagent:D:\ideas\lib\rt\debugger-agent.jar
08-Feb-2020 16:44:24.944 信息 [main] org.apache.catalina.startup.VersionLoggerListener.log Command line argument: -Dfile.encoding=UTF-8
08-Feb-2020 16:44:24.944 信息 [main] org.apache.catalina.core.AprLifecycleListener.lifecycleEvent The APR based Apache Tomcat Native library which allows optimal performance in production environments was not found on the java.library.path: [C:\Program Files\Java\jdk1.8.0_211\bin;C:\WINDOWS\Sun\Java\bin;C:\WINDOWS\system32;C:\WINDOWS;%JAVA_HOME\bin%;%JAVA_HOME\jre%;C:\WINDOWS\system32;C:\WINDOWS;C:\WINDOWS\System32\Wbem;C:\WINDOWS\System32\WindowsPowerShell\v1.0\;C:\Program Files\Intel\WiFi\bin\;C:\Program Files\Common Files\Intel\WirelessCommon\;C:\WINDOWS\System32\OpenSSH\;D:\maven\apache-maven-3.5.0\bin\;%ERLANG_HOME%\bin;C:\mysql-5.7.25-winx64\bin;C:\ProgramData\Oracle\Java\javapath;C:\Program Files (x86)\Common Files\Oracle\Java\javapath;D:\gradle\gradle-4.10.2\bin;;C:\Program Files\IDM Computer Solutions\UltraEdit;C:\Users\chengjiaqing\AppData\Local\Microsoft\WindowsApps;;C:\Users\chengjiaqing\AppData\Local\Programs\Fiddler;.]
08-Feb-2020 16:44:25.157 信息 [main] org.apache.coyote.AbstractProtocol.init Initializing ProtocolHandler ["http-nio-8080"]
08-Feb-2020 16:44:25.605 信息 [main] org.apache.tomcat.util.net.NioSelectorPool.getSharedSelector Using a shared selector for servlet write/read
08-Feb-2020 16:44:25.622 信息 [main] org.apache.coyote.AbstractProtocol.init Initializing ProtocolHandler ["ajp-nio-8009"]
08-Feb-2020 16:44:25.636 信息 [main] org.apache.tomcat.util.net.NioSelectorPool.getSharedSelector Using a shared selector for servlet write/read
08-Feb-2020 16:44:25.637 信息 [main] org.apache.catalina.startup.Catalina.load Initialization processed in 9313 ms
08-Feb-2020 16:44:25.681 信息 [main] org.apache.catalina.core.StandardService.startInternal Starting service [Catalina]
08-Feb-2020 16:44:25.682 信息 [main] org.apache.catalina.core.StandardEngine.startInternal Starting Servlet Engine: Apache Tomcat/@VERSION@
08-Feb-2020 16:45:01.556 信息 [localhost-startStop-1] org.apache.catalina.startup.HostConfig.deployDirectory Deploying web application directory [D:\ideaWP\tomcat\catalina-home\webapps\docs]
08-Feb-2020 16:47:48.671 信息 [localhost-startStop-1] org.apache.jasper.servlet.TldScanner.scanJars At least one JAR was scanned for TLDs yet contained no TLDs. Enable debug logging for this logger for a complete list of JARs that were scanned but no TLDs were found in them. Skipping unneeded JARs during scanning can improve startup time and JSP compilation time.
08-Feb-2020 16:47:48.717 信息 [localhost-startStop-1] org.apache.catalina.startup.HostConfig.deployDirectory Deployment of web application directory [D:\ideaWP\tomcat\catalina-home\webapps\docs] has finished in [167,160] ms
08-Feb-2020 16:47:48.718 信息 [localhost-startStop-1] org.apache.catalina.startup.HostConfig.deployDirectory Deploying web application directory [D:\ideaWP\tomcat\catalina-home\webapps\examples]
08-Feb-2020 16:48:48.050 警告 [main] org.apache.catalina.startup.ClassLoaderFactory.validateFile Problem with directory [D:\ideaWP\tomcat\catalina-home\lib], exists: [false], isDirectory: [false], canRead: [false]
08-Feb-2020 16:48:48.061 警告 [main] org.apache.catalina.startup.ClassLoaderFactory.validateFile Problem with directory [D:\ideaWP\tomcat\catalina-home\lib], exists: [false], isDirectory: [false], canRead: [false]
08-Feb-2020 16:48:48.062 警告 [main] org.apache.catalina.startup.ClassLoaderFactory.validateFile Problem with directory [D:\ideaWP\tomcat\catalina-home\lib], exists: [false], isDirectory: [false], canRead: [false]
08-Feb-2020 16:48:48.063 警告 [main] org.apache.catalina.startup.ClassLoaderFactory.validateFile Problem with directory [D:\ideaWP\tomcat\catalina-home\lib], exists: [false], isDirectory: [false], canRead: [false]
08-Feb-2020 16:48:49.464 信息 [main] org.apache.catalina.startup.VersionLoggerListener.log Server version:        Apache Tomcat/@VERSION@
08-Feb-2020 16:48:49.465 信息 [main] org.apache.catalina.startup.VersionLoggerListener.log Server built:          @VERSION_BUILT@
08-Feb-2020 16:48:49.465 信息 [main] org.apache.catalina.startup.VersionLoggerListener.log Server number:         @VERSION_NUMBER@
08-Feb-2020 16:48:49.465 信息 [main] org.apache.catalina.startup.VersionLoggerListener.log OS Name:               Windows 10
08-Feb-2020 16:48:49.466 信息 [main] org.apache.catalina.startup.VersionLoggerListener.log OS Version:            10.0
08-Feb-2020 16:48:49.466 信息 [main] org.apache.catalina.startup.VersionLoggerListener.log Architecture:          amd64
08-Feb-2020 16:48:49.466 信息 [main] org.apache.catalina.startup.VersionLoggerListener.log Java Home:             C:\Program Files\Java\jdk1.8.0_211\jre
08-Feb-2020 16:48:49.466 信息 [main] org.apache.catalina.startup.VersionLoggerListener.log JVM Version:           1.8.0_211-b12
08-Feb-2020 16:48:49.466 信息 [main] org.apache.catalina.startup.VersionLoggerListener.log JVM Vendor:            Oracle Corporation
08-Feb-2020 16:48:49.467 信息 [main] org.apache.catalina.startup.VersionLoggerListener.log CATALINA_BASE:         D:\ideaWP\tomcat\catalina-home
08-Feb-2020 16:48:49.467 信息 [main] org.apache.catalina.startup.VersionLoggerListener.log CATALINA_HOME:         D:\ideaWP\tomcat\catalina-home
08-Feb-2020 16:48:49.467 信息 [main] org.apache.catalina.startup.VersionLoggerListener.log Command line argument: -agentlib:jdwp=transport=dt_socket,address=127.0.0.1:65027,suspend=y,server=n
08-Feb-2020 16:48:49.467 信息 [main] org.apache.catalina.startup.VersionLoggerListener.log Command line argument: -Dcatalina.home=catalina-home
08-Feb-2020 16:48:49.467 信息 [main] org.apache.catalina.startup.VersionLoggerListener.log Command line argument: -Dcatalina.base=catalina-home
08-Feb-2020 16:48:49.467 信息 [main] org.apache.catalina.startup.VersionLoggerListener.log Command line argument: -Djava.endorsed.dirs=catalina-home/endorsed
08-Feb-2020 16:48:49.468 信息 [main] org.apache.catalina.startup.VersionLoggerListener.log Command line argument: -Djava.io.tmpdir=catalina-home/temp
08-Feb-2020 16:48:49.468 信息 [main] org.apache.catalina.startup.VersionLoggerListener.log Command line argument: -Djava.util.logging.manager=org.apache.juli.ClassLoaderLogManager
08-Feb-2020 16:48:49.468 信息 [main] org.apache.catalina.startup.VersionLoggerListener.log Command line argument: -Djava.util.logging.config.file=catalina-home/conf/logging.properties
08-Feb-2020 16:48:49.468 信息 [main] org.apache.catalina.startup.VersionLoggerListener.log Command line argument: -javaagent:D:\ideas\lib\rt\debugger-agent.jar
08-Feb-2020 16:48:49.468 信息 [main] org.apache.catalina.startup.VersionLoggerListener.log Command line argument: -Dfile.encoding=UTF-8
08-Feb-2020 16:48:49.468 信息 [main] org.apache.catalina.core.AprLifecycleListener.lifecycleEvent The APR based Apache Tomcat Native library which allows optimal performance in production environments was not found on the java.library.path: [C:\Program Files\Java\jdk1.8.0_211\bin;C:\WINDOWS\Sun\Java\bin;C:\WINDOWS\system32;C:\WINDOWS;%JAVA_HOME\bin%;%JAVA_HOME\jre%;C:\WINDOWS\system32;C:\WINDOWS;C:\WINDOWS\System32\Wbem;C:\WINDOWS\System32\WindowsPowerShell\v1.0\;C:\Program Files\Intel\WiFi\bin\;C:\Program Files\Common Files\Intel\WirelessCommon\;C:\WINDOWS\System32\OpenSSH\;D:\maven\apache-maven-3.5.0\bin\;%ERLANG_HOME%\bin;C:\mysql-5.7.25-winx64\bin;C:\ProgramData\Oracle\Java\javapath;C:\Program Files (x86)\Common Files\Oracle\Java\javapath;D:\gradle\gradle-4.10.2\bin;;C:\Program Files\IDM Computer Solutions\UltraEdit;C:\Users\chengjiaqing\AppData\Local\Microsoft\WindowsApps;;C:\Users\chengjiaqing\AppData\Local\Programs\Fiddler;.]
08-Feb-2020 16:48:49.829 信息 [main] org.apache.coyote.AbstractProtocol.init Initializing ProtocolHandler ["http-nio-8080"]
08-Feb-2020 16:48:50.766 信息 [main] org.apache.tomcat.util.net.NioSelectorPool.getSharedSelector Using a shared selector for servlet write/read
08-Feb-2020 16:48:50.818 信息 [main] org.apache.coyote.AbstractProtocol.init Initializing ProtocolHandler ["ajp-nio-8009"]
08-Feb-2020 16:48:50.837 信息 [main] org.apache.tomcat.util.net.NioSelectorPool.getSharedSelector Using a shared selector for servlet write/read
08-Feb-2020 16:48:50.837 信息 [main] org.apache.catalina.startup.Catalina.load Initialization processed in 2737 ms
08-Feb-2020 16:48:50.917 信息 [main] org.apache.catalina.core.StandardService.startInternal Starting service [Catalina]
08-Feb-2020 16:48:50.917 信息 [main] org.apache.catalina.core.StandardEngine.startInternal Starting Servlet Engine: Apache Tomcat/@VERSION@
08-Feb-2020 16:49:08.135 信息 [localhost-startStop-1] org.apache.catalina.startup.HostConfig.deployDirectory Deploying web application directory [D:\ideaWP\tomcat\catalina-home\webapps\docs]
08-Feb-2020 16:49:08.750 信息 [localhost-startStop-1] org.apache.jasper.servlet.TldScanner.scanJars At least one JAR was scanned for TLDs yet contained no TLDs. Enable debug logging for this logger for a complete list of JARs that were scanned but no TLDs were found in them. Skipping unneeded JARs during scanning can improve startup time and JSP compilation time.
08-Feb-2020 16:49:08.794 信息 [localhost-startStop-1] org.apache.catalina.startup.HostConfig.deployDirectory Deployment of web application directory [D:\ideaWP\tomcat\catalina-home\webapps\docs] has finished in [658] ms
08-Feb-2020 16:49:08.794 信息 [localhost-startStop-1] org.apache.catalina.startup.HostConfig.deployDirectory Deploying web application directory [D:\ideaWP\tomcat\catalina-home\webapps\examples]
08-Feb-2020 16:49:09.145 信息 [localhost-startStop-1] org.apache.jasper.servlet.TldScanner.scanJars At least one JAR was scanned for TLDs yet contained no TLDs. Enable debug logging for this logger for a complete list of JARs that were scanned but no TLDs were found in them. Skipping unneeded JARs during scanning can improve startup time and JSP compilation time.
08-Feb-2020 16:49:09.191 信息 [localhost-startStop-1] org.apache.catalina.startup.HostConfig.deployDirectory Deployment of web application directory [D:\ideaWP\tomcat\catalina-home\webapps\examples] has finished in [397] ms
08-Feb-2020 16:49:09.192 信息 [localhost-startStop-1] org.apache.catalina.startup.HostConfig.deployDirectory Deploying web application directory [D:\ideaWP\tomcat\catalina-home\webapps\host-manager]
08-Feb-2020 16:49:09.337 信息 [localhost-startStop-1] org.apache.jasper.servlet.TldScanner.scanJars At least one JAR was scanned for TLDs yet contained no TLDs. Enable debug logging for this logger for a complete list of JARs that were scanned but no TLDs were found in them. Skipping unneeded JARs during scanning can improve startup time and JSP compilation time.
08-Feb-2020 16:49:09.343 信息 [localhost-startStop-1] org.apache.catalina.startup.HostConfig.deployDirectory Deployment of web application directory [D:\ideaWP\tomcat\catalina-home\webapps\host-manager] has finished in [151] ms
08-Feb-2020 16:49:09.343 信息 [localhost-startStop-1] org.apache.catalina.startup.HostConfig.deployDirectory Deploying web application directory [D:\ideaWP\tomcat\catalina-home\webapps\manager]
08-Feb-2020 16:49:09.531 信息 [localhost-startStop-1] org.apache.jasper.servlet.TldScanner.scanJars At least one JAR was scanned for TLDs yet contained no TLDs. Enable debug logging for this logger for a complete list of JARs that were scanned but no TLDs were found in them. Skipping unneeded JARs during scanning can improve startup time and JSP compilation time.
08-Feb-2020 16:49:09.533 信息 [localhost-startStop-1] org.apache.catalina.startup.HostConfig.deployDirectory Deployment of web application directory [D:\ideaWP\tomcat\catalina-home\webapps\manager] has finished in [190] ms
08-Feb-2020 16:49:09.534 信息 [localhost-startStop-1] org.apache.catalina.startup.HostConfig.deployDirectory Deploying web application directory [D:\ideaWP\tomcat\catalina-home\webapps\ROOT]
08-Feb-2020 16:49:09.658 信息 [localhost-startStop-1] org.apache.jasper.servlet.TldScanner.scanJars At least one JAR was scanned for TLDs yet contained no TLDs. Enable debug logging for this logger for a complete list of JARs that were scanned but no TLDs were found in them. Skipping unneeded JARs during scanning can improve startup time and JSP compilation time.
08-Feb-2020 16:49:09.661 信息 [localhost-startStop-1] org.apache.catalina.startup.HostConfig.deployDirectory Deployment of web application directory [D:\ideaWP\tomcat\catalina-home\webapps\ROOT] has finished in [126] ms
08-Feb-2020 16:49:09.669 信息 [main] org.apache.coyote.AbstractProtocol.start Starting ProtocolHandler ["http-nio-8080"]
08-Feb-2020 16:49:09.689 信息 [main] org.apache.coyote.AbstractProtocol.start Starting ProtocolHandler ["ajp-nio-8009"]
08-Feb-2020 16:49:09.697 信息 [main] org.apache.catalina.startup.Catalina.start Server startup in 18859 ms
08-Feb-2020 21:58:48.129 信息 [Thread-5] org.apache.coyote.AbstractProtocol.pause Pausing ProtocolHandler ["http-nio-8080"]
08-Feb-2020 21:58:48.541 信息 [Thread-5] org.apache.coyote.AbstractProtocol.pause Pausing ProtocolHandler ["ajp-nio-8009"]
08-Feb-2020 21:58:48.984 信息 [Thread-5] org.apache.catalina.core.StandardService.stopInternal Stopping service [Catalina]
08-Feb-2020 21:58:49.111 信息 [Thread-5] org.apache.coyote.AbstractProtocol.stop Stopping ProtocolHandler ["http-nio-8080"]
08-Feb-2020 21:58:49.121 信息 [Thread-5] org.apache.coyote.AbstractProtocol.stop Stopping ProtocolHandler ["ajp-nio-8009"]
08-Feb-2020 21:58:49.127 信息 [Thread-5] org.apache.coyote.AbstractProtocol.destroy Destroying ProtocolHandler ["http-nio-8080"]
08-Feb-2020 21:58:49.129 信息 [Thread-5] org.apache.coyote.AbstractProtocol.destroy Destroying ProtocolHandler ["ajp-nio-8009"]
08-Feb-2020 21:59:09.058 警告 [main] org.apache.catalina.startup.ClassLoaderFactory.validateFile Problem with directory [D:\ideaWP\tomcat\catalina-home\lib], exists: [false], isDirectory: [false], canRead: [false]
08-Feb-2020 21:59:09.070 警告 [main] org.apache.catalina.startup.ClassLoaderFactory.validateFile Problem with directory [D:\ideaWP\tomcat\catalina-home\lib], exists: [false], isDirectory: [false], canRead: [false]
08-Feb-2020 21:59:09.070 警告 [main] org.apache.catalina.startup.ClassLoaderFactory.validateFile Problem with directory [D:\ideaWP\tomcat\catalina-home\lib], exists: [false], isDirectory: [false], canRead: [false]
08-Feb-2020 21:59:09.070 警告 [main] org.apache.catalina.startup.ClassLoaderFactory.validateFile Problem with directory [D:\ideaWP\tomcat\catalina-home\lib], exists: [false], isDirectory: [false], canRead: [false]
08-Feb-2020 21:59:09.994 信息 [main] org.apache.catalina.startup.VersionLoggerListener.log Server version:        Apache Tomcat/@VERSION@
08-Feb-2020 21:59:09.994 信息 [main] org.apache.catalina.startup.VersionLoggerListener.log Server built:          @VERSION_BUILT@
08-Feb-2020 21:59:09.994 信息 [main] org.apache.catalina.startup.VersionLoggerListener.log Server number:         @VERSION_NUMBER@
08-Feb-2020 21:59:09.994 信息 [main] org.apache.catalina.startup.VersionLoggerListener.log OS Name:               Windows 10
08-Feb-2020 21:59:09.994 信息 [main] org.apache.catalina.startup.VersionLoggerListener.log OS Version:            10.0
08-Feb-2020 21:59:09.995 信息 [main] org.apache.catalina.startup.VersionLoggerListener.log Architecture:          amd64
08-Feb-2020 21:59:09.995 信息 [main] org.apache.catalina.startup.VersionLoggerListener.log Java Home:             C:\Program Files\Java\jdk1.8.0_211\jre
08-Feb-2020 21:59:09.995 信息 [main] org.apache.catalina.startup.VersionLoggerListener.log JVM Version:           1.8.0_211-b12
08-Feb-2020 21:59:09.995 信息 [main] org.apache.catalina.startup.VersionLoggerListener.log JVM Vendor:            Oracle Corporation
08-Feb-2020 21:59:09.995 信息 [main] org.apache.catalina.startup.VersionLoggerListener.log CATALINA_BASE:         D:\ideaWP\tomcat\catalina-home
08-Feb-2020 21:59:09.995 信息 [main] org.apache.catalina.startup.VersionLoggerListener.log CATALINA_HOME:         D:\ideaWP\tomcat\catalina-home
08-Feb-2020 21:59:09.996 信息 [main] org.apache.catalina.startup.VersionLoggerListener.log Command line argument: -Dcatalina.home=catalina-home
08-Feb-2020 21:59:09.996 信息 [main] org.apache.catalina.startup.VersionLoggerListener.log Command line argument: -Dcatalina.base=catalina-home
08-Feb-2020 21:59:09.996 信息 [main] org.apache.catalina.startup.VersionLoggerListener.log Command line argument: -Djava.endorsed.dirs=catalina-home/endorsed
08-Feb-2020 21:59:09.996 信息 [main] org.apache.catalina.startup.VersionLoggerListener.log Command line argument: -Djava.io.tmpdir=catalina-home/temp
08-Feb-2020 21:59:09.997 信息 [main] org.apache.catalina.startup.VersionLoggerListener.log Command line argument: -Djava.util.logging.manager=org.apache.juli.ClassLoaderLogManager
08-Feb-2020 21:59:09.997 信息 [main] org.apache.catalina.startup.VersionLoggerListener.log Command line argument: -Djava.util.logging.config.file=catalina-home/conf/logging.properties
08-Feb-2020 21:59:09.997 信息 [main] org.apache.catalina.startup.VersionLoggerListener.log Command line argument: -javaagent:D:\ideas\lib\idea_rt.jar=51218:D:\ideas\bin
08-Feb-2020 21:59:09.997 信息 [main] org.apache.catalina.startup.VersionLoggerListener.log Command line argument: -Dfile.encoding=UTF-8
08-Feb-2020 21:59:09.997 信息 [main] org.apache.catalina.core.AprLifecycleListener.lifecycleEvent The APR based Apache Tomcat Native library which allows optimal performance in production environments was not found on the java.library.path: [C:\Program Files\Java\jdk1.8.0_211\bin;C:\WINDOWS\Sun\Java\bin;C:\WINDOWS\system32;C:\WINDOWS;%JAVA_HOME\bin%;%JAVA_HOME\jre%;C:\WINDOWS\system32;C:\WINDOWS;C:\WINDOWS\System32\Wbem;C:\WINDOWS\System32\WindowsPowerShell\v1.0\;C:\Program Files\Intel\WiFi\bin\;C:\Program Files\Common Files\Intel\WirelessCommon\;C:\WINDOWS\System32\OpenSSH\;D:\maven\apache-maven-3.5.0\bin\;%ERLANG_HOME%\bin;C:\mysql-5.7.25-winx64\bin;C:\ProgramData\Oracle\Java\javapath;C:\Program Files (x86)\Common Files\Oracle\Java\javapath;D:\gradle\gradle-4.10.2\bin;;C:\Program Files\IDM Computer Solutions\UltraEdit;C:\Users\chengjiaqing\AppData\Local\Microsoft\WindowsApps;;C:\Users\chengjiaqing\AppData\Local\Programs\Fiddler;.]
08-Feb-2020 21:59:10.327 信息 [main] org.apache.coyote.AbstractProtocol.init Initializing ProtocolHandler ["http-nio-8080"]
08-Feb-2020 21:59:10.993 信息 [main] org.apache.tomcat.util.net.NioSelectorPool.getSharedSelector Using a shared selector for servlet write/read
08-Feb-2020 21:59:11.018 信息 [main] org.apache.coyote.AbstractProtocol.init Initializing ProtocolHandler ["ajp-nio-8009"]
08-Feb-2020 21:59:11.022 信息 [main] org.apache.tomcat.util.net.NioSelectorPool.getSharedSelector Using a shared selector for servlet write/read
08-Feb-2020 21:59:11.023 信息 [main] org.apache.catalina.startup.Catalina.load Initialization processed in 1917 ms
08-Feb-2020 21:59:11.123 信息 [main] org.apache.catalina.core.StandardService.startInternal Starting service [Catalina]
08-Feb-2020 21:59:11.124 信息 [main] org.apache.catalina.core.StandardEngine.startInternal Starting Servlet Engine: Apache Tomcat/@VERSION@
08-Feb-2020 21:59:11.215 信息 [localhost-startStop-1] org.apache.catalina.startup.HostConfig.deployDirectory Deploying web application directory [D:\ideaWP\tomcat\catalina-home\webapps\docs]
08-Feb-2020 21:59:12.682 信息 [localhost-startStop-1] org.apache.jasper.servlet.TldScanner.scanJars At least one JAR was scanned for TLDs yet contained no TLDs. Enable debug logging for this logger for a complete list of JARs that were scanned but no TLDs were found in them. Skipping unneeded JARs during scanning can improve startup time and JSP compilation time.
08-Feb-2020 21:59:12.796 信息 [localhost-startStop-1] org.apache.catalina.startup.HostConfig.deployDirectory Deployment of web application directory [D:\ideaWP\tomcat\catalina-home\webapps\docs] has finished in [1,580] ms
08-Feb-2020 21:59:12.796 信息 [localhost-startStop-1] org.apache.catalina.startup.HostConfig.deployDirectory Deploying web application directory [D:\ideaWP\tomcat\catalina-home\webapps\examples]
08-Feb-2020 21:59:13.333 信息 [localhost-startStop-1] org.apache.jasper.servlet.TldScanner.scanJars At least one JAR was scanned for TLDs yet contained no TLDs. Enable debug logging for this logger for a complete list of JARs that were scanned but no TLDs were found in them. Skipping unneeded JARs during scanning can improve startup time and JSP compilation time.
08-Feb-2020 21:59:13.397 信息 [localhost-startStop-1] org.apache.catalina.startup.HostConfig.deployDirectory Deployment of web application directory [D:\ideaWP\tomcat\catalina-home\webapps\examples] has finished in [601] ms
08-Feb-2020 21:59:13.397 信息 [localhost-startStop-1] org.apache.catalina.startup.HostConfig.deployDirectory Deploying web application directory [D:\ideaWP\tomcat\catalina-home\webapps\host-manager]
08-Feb-2020 21:59:13.641 信息 [localhost-startStop-1] org.apache.jasper.servlet.TldScanner.scanJars At least one JAR was scanned for TLDs yet contained no TLDs. Enable debug logging for this logger for a complete list of JARs that were scanned but no TLDs were found in them. Skipping unneeded JARs during scanning can improve startup time and JSP compilation time.
08-Feb-2020 21:59:13.665 信息 [localhost-startStop-1] org.apache.catalina.startup.HostConfig.deployDirectory Deployment of web application directory [D:\ideaWP\tomcat\catalina-home\webapps\host-manager] has finished in [268] ms
08-Feb-2020 21:59:13.665 信息 [localhost-startStop-1] org.apache.catalina.startup.HostConfig.deployDirectory Deploying web application directory [D:\ideaWP\tomcat\catalina-home\webapps\manager]
08-Feb-2020 21:59:13.958 信息 [localhost-startStop-1] org.apache.jasper.servlet.TldScanner.scanJars At least one JAR was scanned for TLDs yet contained no TLDs. Enable debug logging for this logger for a complete list of JARs that were scanned but no TLDs were found in them. Skipping unneeded JARs during scanning can improve startup time and JSP compilation time.
08-Feb-2020 21:59:13.961 信息 [localhost-startStop-1] org.apache.catalina.startup.HostConfig.deployDirectory Deployment of web application directory [D:\ideaWP\tomcat\catalina-home\webapps\manager] has finished in [296] ms
08-Feb-2020 21:59:13.961 信息 [localhost-startStop-1] org.apache.catalina.startup.HostConfig.deployDirectory Deploying web application directory [D:\ideaWP\tomcat\catalina-home\webapps\ROOT]
08-Feb-2020 21:59:14.116 信息 [localhost-startStop-1] org.apache.jasper.servlet.TldScanner.scanJars At least one JAR was scanned for TLDs yet contained no TLDs. Enable debug logging for this logger for a complete list of JARs that were scanned but no TLDs were found in them. Skipping unneeded JARs during scanning can improve startup time and JSP compilation time.
08-Feb-2020 21:59:14.118 信息 [localhost-startStop-1] org.apache.catalina.startup.HostConfig.deployDirectory Deployment of web application directory [D:\ideaWP\tomcat\catalina-home\webapps\ROOT] has finished in [157] ms
08-Feb-2020 21:59:14.124 信息 [main] org.apache.coyote.AbstractProtocol.start Starting ProtocolHandler ["http-nio-8080"]
08-Feb-2020 21:59:14.147 信息 [main] org.apache.coyote.AbstractProtocol.start Starting ProtocolHandler ["ajp-nio-8009"]
08-Feb-2020 21:59:14.151 信息 [main] org.apache.catalina.startup.Catalina.start Server startup in 3127 ms
